Using pre-set license
Built from '2020.3/staging' branch; Version is '2020.3.4f1 (0abb6314276a) revision 703331'; Using compiler version '192528614'; Build Type 'Release'
OS: 'Windows 10 Home; OS build 19042.928; Version 2009; 64bit' Language: 'en' Physical Memory: 7105 MB
BatchMode: 1, IsHumanControllingUs: 0, StartBugReporterOnCrash: 0, Is64bit: 1, IsPro: 0

 COMMAND LINE ARGUMENTS:
C:\Program Files\Unity\Hub\Editor\2020.3.4f1\Editor\Unity.exe
-adb2
-batchMode
-noUpm
-name
AssetImportWorker1
-projectPath
C:/Users/Lowe Family/Desktop/Richie/CODER's DELIGHT/Projects/spacegame3rd/PongGame4.21
-logFile
Logs/AssetImportWorker1.log
-srvPort
51909
Successfully changed project path to: C:/Users/Lowe Family/Desktop/Richie/CODER's DELIGHT/Projects/spacegame3rd/PongGame4.21
C:/Users/Lowe Family/Desktop/Richie/CODER's DELIGHT/Projects/spacegame3rd/PongGame4.21
Using Asset Import Pipeline V2.
Refreshing native plugins compatible for Editor in 323.04 ms, found 1 plugins.
Preloading 0 native plugins for Editor in 0.00 ms.
Initialize engine version: 2020.3.4f1 (0abb6314276a)
[Subsystems] Discovering subsystems at path C:/Program Files/Unity/Hub/Editor/2020.3.4f1/Editor/Data/Resources/UnitySubsystems
[Subsystems] Discovering subsystems at path C:/Users/Lowe Family/Desktop/Richie/CODER's DELIGHT/Projects/spacegame3rd/PongGame4.21/Assets
GfxDevice: creating device client; threaded=0
Direct3D:
    Version:  Direct3D 11.0 [level 11.1]
    Renderer: AMD Radeon(TM) R5 Graphics (ID=0x9851)
    Vendor:   
    VRAM:     3552 MB
    Driver:   23.20.15016.15
Initialize mono
Mono path[0] = 'C:/Program Files/Unity/Hub/Editor/2020.3.4f1/Editor/Data/Managed'
Mono path[1] = 'C:/Program Files/Unity/Hub/Editor/2020.3.4f1/Editor/Data/MonoBleedingEdge/lib/mono/unityjit'
Mono config path = 'C:/Program Files/Unity/Hub/Editor/2020.3.4f1/Editor/Data/MonoBleedingEdge/etc'
Using monoOptions --debugger-agent=transport=dt_socket,embedding=1,server=y,suspend=n,address=127.0.0.1:56112
Begin MonoManager ReloadAssembly
Registering precompiled unity dll's ...
Register platform support module: C:/Program Files/Unity/Hub/Editor/2020.3.4f1/Editor/Data/PlaybackEngines/WindowsStandaloneSupport/UnityEditor.WindowsStandalone.Extensions.dll
Registered in 0.007885 seconds.
Native extension for WindowsStandalone target not found
Refreshing native plugins compatible for Editor in 245.44 ms, found 1 plugins.
Preloading 0 native plugins for Editor in 0.00 ms.
Mono: successfully reloaded assembly
- Completed reload, in  5.331 seconds
Platform modules already initialized, skipping
Registering precompiled user dll's ...
Registered in 0.018967 seconds.
Begin MonoManager ReloadAssembly
Native extension for WindowsStandalone target not found
Refreshing native plugins compatible for Editor in 224.32 ms, found 1 plugins.
Preloading 0 native plugins for Editor in 0.00 ms.
Mono: successfully reloaded assembly
- Completed reload, in  7.265 seconds
Platform modules already initialized, skipping
========================================================================
Worker process is ready to serve import requests
Launched and connected shader compiler UnityShaderCompiler.exe after 0.97 seconds
Refreshing native plugins compatible for Editor in 2.19 ms, found 1 plugins.
Preloading 0 native plugins for Editor in 0.00 ms.
Unloading 2262 Unused Serialized files (Serialized files now loaded: 0)
System memory in use before: 98.6 MB.
System memory in use after: 98.7 MB.

Unloading 43 unused Assets to reduce memory usage. Loaded Objects now: 2690.
Total: 10.243500 ms (FindLiveObjects: 1.132800 ms CreateObjectMapping: 0.390300 ms MarkObjects: 8.480400 ms  DeleteObjects: 0.235200 ms)

========================================================================
Received Import Request.
  path: Assets/Prefabs/Asteroid2.prefab
  artifactKey: Guid(d5f1dd98c048ac04d93742fe5130c16b) Importer(815301076,1909f56bfc062723c751e8b465ee728b)
Start importing Assets/Prefabs/Asteroid2.prefab using Guid(d5f1dd98c048ac04d93742fe5130c16b) Importer(815301076,1909f56bfc062723c751e8b465ee728b)  -> (artifact id: '30c6d07fabd433f3518f7ab9d3ad3552') in 1.568346 seconds
  Import took 1.631870 seconds .

========================================================================
Received Import Request.
  Time since last request: 6.673829 seconds.
  path: Assets/Prefabs/Asteroid2.prefab
  artifactKey: Guid(d5f1dd98c048ac04d93742fe5130c16b) Importer(815301076,1909f56bfc062723c751e8b465ee728b)
Start importing Assets/Prefabs/Asteroid2.prefab using Guid(d5f1dd98c048ac04d93742fe5130c16b) Importer(815301076,1909f56bfc062723c751e8b465ee728b)  -> (artifact id: 'e15f1b9937c7d9e986b008b62d713d0c') in 0.082456 seconds
  Import took 0.435397 seconds .

========================================================================
Received Import Request.
  Time since last request: 16.554701 seconds.
  path: Assets/Prefabs/Asteroid2.prefab
  artifactKey: Guid(d5f1dd98c048ac04d93742fe5130c16b) Importer(815301076,1909f56bfc062723c751e8b465ee728b)
Start importing Assets/Prefabs/Asteroid2.prefab using Guid(d5f1dd98c048ac04d93742fe5130c16b) Importer(815301076,1909f56bfc062723c751e8b465ee728b)  -> (artifact id: '1d72cf1380a710119eff7dbcb0257f4a') in 0.079849 seconds
  Import took 0.156210 seconds .

========================================================================
Received Import Request.
  Time since last request: 31.969685 seconds.
  path: Assets/Prefabs/Asteroid2.prefab
  artifactKey: Guid(d5f1dd98c048ac04d93742fe5130c16b) Importer(815301076,1909f56bfc062723c751e8b465ee728b)
Start importing Assets/Prefabs/Asteroid2.prefab using Guid(d5f1dd98c048ac04d93742fe5130c16b) Importer(815301076,1909f56bfc062723c751e8b465ee728b)  -> (artifact id: '6b47ab29acb03e5ca7430026f0029e08') in 0.159199 seconds
  Import took 0.344596 seconds .

========================================================================
Received Import Request.
  Time since last request: 6.230222 seconds.
  path: Assets/Prefabs/Asteroid2.prefab
  artifactKey: Guid(d5f1dd98c048ac04d93742fe5130c16b) Importer(815301076,1909f56bfc062723c751e8b465ee728b)
Start importing Assets/Prefabs/Asteroid2.prefab using Guid(d5f1dd98c048ac04d93742fe5130c16b) Importer(815301076,1909f56bfc062723c751e8b465ee728b)  -> (artifact id: '55ba9485fe078a356b8b7742f5ebfecf') in 0.423070 seconds
  Import took 0.810674 seconds .

========================================================================
Received Import Request.
  Time since last request: 4.656339 seconds.
  path: Assets/Prefabs/Asteroid2.prefab
  artifactKey: Guid(d5f1dd98c048ac04d93742fe5130c16b) Importer(815301076,1909f56bfc062723c751e8b465ee728b)
Start importing Assets/Prefabs/Asteroid2.prefab using Guid(d5f1dd98c048ac04d93742fe5130c16b) Importer(815301076,1909f56bfc062723c751e8b465ee728b)  -> (artifact id: '0bd9f6813be908edcabf462998dc4ef6') in 0.608458 seconds
  Import took 0.956345 seconds .

========================================================================
Received Import Request.
  Time since last request: 7.842971 seconds.
  path: Assets/Prefabs/Asteroid2.prefab
  artifactKey: Guid(d5f1dd98c048ac04d93742fe5130c16b) Importer(815301076,1909f56bfc062723c751e8b465ee728b)
Start importing Assets/Prefabs/Asteroid2.prefab using Guid(d5f1dd98c048ac04d93742fe5130c16b) Importer(815301076,1909f56bfc062723c751e8b465ee728b)  -> (artifact id: '43aa1488079ca5209634bb9aaf6a11f9') in 0.080391 seconds
  Import took 0.261350 seconds .

========================================================================
Received Prepare
Registering precompiled user dll's ...
Registered in 0.016992 seconds.
Begin MonoManager ReloadAssembly
Native extension for WindowsStandalone target not found
Refreshing native plugins compatible for Editor in 2.71 ms, found 1 plugins.
Preloading 0 native plugins for Editor in 0.00 ms.
Mono: successfully reloaded assembly
- Completed reload, in  4.525 seconds
Platform modules already initialized, skipping
Refreshing native plugins compatible for Editor in 1.92 ms, found 1 plugins.
Preloading 0 native plugins for Editor in 0.00 ms.
Unloading 2252 Unused Serialized files (Serialized files now loaded: 0)
System memory in use before: 98.0 MB.
System memory in use after: 98.1 MB.

Unloading 31 unused Assets to reduce memory usage. Loaded Objects now: 2694.
Total: 8.077500 ms (FindLiveObjects: 0.901700 ms CreateObjectMapping: 0.206900 ms MarkObjects: 6.861100 ms  DeleteObjects: 0.093800 ms)

========================================================================
Received Prepare
Registering precompiled user dll's ...
Registered in 0.038009 seconds.
Begin MonoManager ReloadAssembly
Native extension for WindowsStandalone target not found
Refreshing native plugins compatible for Editor in 1.96 ms, found 1 plugins.
Preloading 0 native plugins for Editor in 0.00 ms.
Mono: successfully reloaded assembly
- Completed reload, in  3.471 seconds
Platform modules already initialized, skipping
Refreshing native plugins compatible for Editor in 3.11 ms, found 1 plugins.
Preloading 0 native plugins for Editor in 0.00 ms.
Unloading 2252 Unused Serialized files (Serialized files now loaded: 0)
System memory in use before: 98.1 MB.
System memory in use after: 98.2 MB.

Unloading 31 unused Assets to reduce memory usage. Loaded Objects now: 2698.
Total: 7.362200 ms (FindLiveObjects: 1.332400 ms CreateObjectMapping: 0.449200 ms MarkObjects: 5.507500 ms  DeleteObjects: 0.068100 ms)

========================================================================
Received Prepare
Registering precompiled user dll's ...
Registered in 0.027298 seconds.
Begin MonoManager ReloadAssembly
Native extension for WindowsStandalone target not found
Refreshing native plugins compatible for Editor in 2.20 ms, found 1 plugins.
Preloading 0 native plugins for Editor in 0.00 ms.
Mono: successfully reloaded assembly
- Completed reload, in  5.715 seconds
Platform modules already initialized, skipping
Refreshing native plugins compatible for Editor in 1.88 ms, found 1 plugins.
Preloading 0 native plugins for Editor in 0.00 ms.
Unloading 2252 Unused Serialized files (Serialized files now loaded: 0)
System memory in use before: 98.2 MB.
System memory in use after: 98.3 MB.

Unloading 31 unused Assets to reduce memory usage. Loaded Objects now: 2702.
Total: 12.927400 ms (FindLiveObjects: 2.066200 ms CreateObjectMapping: 0.283100 ms MarkObjects: 10.392300 ms  DeleteObjects: 0.173200 ms)

AssetImportWorkerClient::OnTransportError - code=2 error=End of file
